"../../../Kewar/Content/Art/BackgroundSmallChecker.uasset" 0
"../../../Kewar/Content/Art/Bouncton.uasset" 1
"../../../Kewar/Content/Art/Bouncton_0.uasset" 2
"../../../Kewar/Content/Art/Bouncton_1.uasset" 3
"../../../Kewar/Content/Art/Bouncton_2.uasset" 4
"../../../Kewar/Content/Art/Bouncton_3.uasset" 5
"../../../Kewar/Content/Art/Bouncton_5.uasset" 6
"../../../Kewar/Content/Art/Bouncton_6.uasset" 7
"../../../Kewar/Content/Art/zebraDesk.uasset" 8
"../../../Kewar/Content/Art/zebraDesk_Sprite1.uasset" 9
"../../../Kewar/Content/Art/Place_Holders/pile_of_clothes_by_stormred1236_d9idonf-fullview.uasset" 10
"../../../Kewar/Content/Art/Place_Holders/pile_of_clothes_by_stormred1236_d9idonf-fullview_Sprite.uasset" 11
"../../../Engine/Plugins/2D/Paper2D/Content/DefaultSpriteMaterial.uasset" 12
"../../../Engine/Plugins/2D/Paper2D/Content/TranslucentUnlitSpriteMaterial.uasset" 13
"../../../Kewar/Content/Art/Place_Holders/target.uasset" 14
"../../../Kewar/Content/Art/Place_Holders/target_Sprite.uasset" 15
"../../../Kewar/Content/Art/Place_Holders/tv.uasset" 16
"../../../Kewar/Content/Art/Place_Holders/tv_Sprite.uasset" 17
"../../../Kewar/Content/Art/Player/eyes.uasset" 18
"../../../Kewar/Content/Art/Player/eyes_0.uasset" 19
"../../../Kewar/Content/Art/Player/eyes_10.uasset" 20
"../../../Kewar/Content/Art/Player/eyes_2.uasset" 21
"../../../Kewar/Content/Art/Player/eyes_3.uasset" 22
"../../../Kewar/Content/Art/Player/eyes_5.uasset" 23
"../../../Kewar/Content/Art/Player/eyes_6.uasset" 24
"../../../Kewar/Content/Art/Player/eyes_7.uasset" 25
"../../../Kewar/Content/Art/Player/eyes_8.uasset" 26
"../../../Kewar/Content/Art/Player/eyes_9.uasset" 27
"../../../Kewar/Content/Art/Player/feetandhands.uasset" 28
"../../../Kewar/Content/Art/Player/feetandhands_0.uasset" 29
"../../../Kewar/Content/Art/Player/feetandhands_1.uasset" 30
"../../../Kewar/Content/Art/Player/feetandhands_2.uasset" 31
"../../../Kewar/Content/Art/Player/KeyBase1.uasset" 32
"../../../Kewar/Content/Art/Player/KeyBase1_Sprite.uasset" 33
"../../../Kewar/Content/BPs/BP_TestForJohn.uasset" 34
"../../../Engine/Content/EditorBlueprintResources/StandardMacros.uasset" 35
"../../../Kewar/Content/BPs/Environment/eEnviromentTypes.uasset" 36
"../../../Kewar/Content/BPs/BP_LockYAxis.uasset" 37
"../../../Engine/Content/BasicShapes/BasicShapeMaterial.uasset" 38
"../../../Engine/Content/Functions/Engine_MaterialFunctions01/Opacity/CameraDepthFade.uasset" 39
"../../../Engine/Content/EngineMaterials/T_Default_Material_Grid_M.uasset" 40
"../../../Engine/Content/EngineMaterials/T_Default_Material_Grid_N.uasset" 41
"../../../Engine/Content/EngineMaterials/WorldGridMaterial.uasset" 42
"../../../Engine/Content/BasicShapes/Plane.uasset" 43
"../../../Kewar/Content/Jay_Work/BP_FallThroughPlatform.uasset" 44
"../../../Kewar/Content/Art/Player/DashEffect.uasset" 45
"../../../Kewar/Content/Art/Player/DashEffect_Sprite.uasset" 46
"../../../Kewar/Content/Art/Player/eyes_1.uasset" 47
"../../../Kewar/Content/Art/Player/Keybokeys.uasset" 48
"../../../Kewar/Content/Art/Player/KeyA.uasset" 49
"../../../Kewar/Content/Art/Player/keybo.uasset" 50
"../../../Kewar/Content/Art/Player/keybo_0.uasset" 51
"../../../Kewar/Content/Art/Player/keybo_1.uasset" 52
"../../../Kewar/Content/Art/Player/keybo_2.uasset" 53
"../../../Kewar/Content/Art/Player/keybo_3.uasset" 54
"../../../Kewar/Content/Art/Player/keybo_4.uasset" 55
"../../../Kewar/Content/Art/Player/keybo1.uasset" 56
"../../../Kewar/Content/Art/Player/KeyD.uasset" 57
"../../../Kewar/Content/Art/Player/KeyW.uasset" 58
"../../../Kewar/Content/BPs/Characters/Player/Kerbo.uasset" 59
"../../../Kewar/Content/BPs/Characters/enemy/CanBeDamagedDirections.uasset" 60
"../../../Kewar/Content/BPs/Characters/enemy/EnemyNames.uasset" 61
"../../../Kewar/Content/BPs/Characters/enemy/SpeedControl.uasset" 62
"../../../Kewar/Content/BPs/Characters/enemy/BP_EnemyParent.uasset" 63
"../../../Kewar/Content/BPs/Characters/enemy/BP_LeftnRightArrows.uasset" 64
"../../../Kewar/Content/BPs/Characters/enemy/BP_LnRnUpArrows.uasset" 65
"../../../Kewar/Content/BPs/Characters/enemy/BP_Player.uasset" 66
"../../../Kewar/Content/BPs/Characters/enemy/Bosses/W/BP_GoToPoint.uasset" 67
"../../../Kewar/Content/BPs/Characters/enemy/BP_UpArrow.uasset" 68
"../../../Kewar/Content/BPs/Characters/enemy/Bosses/W/BP_WBoss.uasset" 69
"../../../Kewar/Content/BPs/Characters/enemy/Test/BP_Enemy.uasset" 70
"../../../Kewar/Content/BPs/Characters/enemy/Test/BP_TESTEnemyOLD.uasset" 71
"../../../Kewar/Content/BPs/Characters/enemy/Test/BP_LeftnRightKeysOLD.uasset" 72
"../../../Kewar/Content/BPs/Debug/BugLevel.uasset" 73
"../../../Kewar/Content/BPs/Debug/BP_DebugMe.uasset" 74
"../../../Kewar/Content/Art/Bouncton_4.uasset" 75
"../../../Kewar/Content/BPs/Pickups/BP_PickUpMaster.uasset" 76
"../../../Kewar/Content/BPs/Pickups/BP_HealthPickUp.uasset" 77
"../../../Engine/Content/EngineMaterials/DefaultMaterial.uasset" 78
"../../../Engine/Content/BasicShapes/Cone.uasset" 79
"../../../Engine/Content/BasicShapes/Cylinder.uasset" 80
"../../../Engine/Content/BasicShapes/Sphere.uasset" 81
"../../../Engine/Content/EditorLandscapeResources/DataLayer.uasset" 82
"../../../Engine/Content/EditorMaterials/GizmoMaterial.uasset" 83
"../../../Engine/Content/EditorMaterials/MAT_Groups_Toggle.uasset" 84
"../../../Engine/Content/EditorMaterials/MAT_Groups_Visibility.uasset" 85
"../../../Engine/Content/EditorMaterials/PreviewShadowIndicator.uasset" 86
"../../../Engine/Content/EditorMaterials/PreviewShadowIndicatorMaterial.uasset" 87
"../../../Engine/Content/EditorMaterials/AssetViewer/EpicQuadPanorama_CC+EV1.uasset" 88
"../../../Engine/Content/EditorMaterials/MatineeGroups/MAT_ColorTrack.uasset" 89
"../../../Engine/Content/EditorMaterials/MatineeGroups/MAT_Groups_Anim.uasset" 90
"../../../Engine/Content/EditorMaterials/MatineeGroups/MAT_Groups_AudioMaster.uasset" 91
"../../../Engine/Content/EditorMaterials/MatineeGroups/MAT_Groups_Director.uasset" 92
"../../../Engine/Content/EditorMaterials/MatineeGroups/MAT_Groups_Event.uasset" 93
"../../../Engine/Content/EditorMaterials/MatineeGroups/MAT_Groups_Fade.uasset" 94
"../../../Engine/Content/EditorMaterials/MatineeGroups/MAT_Groups_Float.uasset" 95
"../../../Engine/Content/EditorMaterials/MatineeGroups/MAT_Groups_Move.uasset" 96
"../../../Engine/Content/EditorMaterials/MatineeGroups/MAT_Groups_Slomo.uasset" 97
"../../../Engine/Content/EditorMaterials/MatineeGroups/MAT_Groups_Sound.uasset" 98
"../../../Engine/Content/EditorMaterials/MatineeGroups/MAT_Groups_Vector.uasset" 99
"../../../Engine/Content/EditorMaterials/ParticleSystems/PSysThumbnail_NoImage.uasset" 100
"../../../Engine/Content/EditorMaterials/ParticleSystems/PSysThumbnail_OOD.uasset" 101
"../../../Engine/Content/EditorMaterials/Camera/CineMat.uasset" 102
"../../../Engine/Content/EditorMaterials/Camera/MI_CineMat_Rig.uasset" 103
"../../../Engine/Content/EditorMeshes/Camera/SM_CraneRig_Arm.uasset" 104
"../../../Engine/Content/EditorMeshes/Camera/SM_CraneRig_Base.uasset" 105
"../../../Engine/Content/EditorMeshes/Camera/SM_CraneRig_Body.uasset" 106
"../../../Engine/Content/EditorMeshes/Camera/SM_CraneRig_Mount.uasset" 107
"../../../Engine/Content/EditorMeshes/Camera/SM_RailRig_Mount.uasset" 108
"../../../Engine/Content/EditorMeshes/Camera/SM_RailRig_Track.uasset" 109
"../../../Engine/Content/EditorMeshes/ColorCalibrator/M_ChromeBall.uasset" 110
"../../../Engine/Content/EditorMeshes/ColorCalibrator/M_ClearCoat.uasset" 111
"../../../Engine/Content/EditorMeshes/ColorCalibrator/M_ClearCoatBlack.uasset" 112
"../../../Engine/Content/EditorMeshes/ColorCalibrator/T_ColorGrid.uasset" 113
"../../../Engine/Content/EditorMeshes/ColorCalibrator/M_ColorGrid.uasset" 114
"../../../Engine/Content/EditorMeshes/ColorCalibrator/M_GreyBall.uasset" 115
"../../../Engine/Content/EditorMeshes/ColorCalibrator/SM_ColorCalibrator.uasset" 116
"../../../Engine/Content/EditorResources/BSPVertex.uasset" 117
"../../../Engine/Content/EditorResources/EmptyActor.uasset" 118
"../../../Engine/Content/EditorResources/S_Actor.uasset" 119
"../../../Engine/Content/EditorResources/S_Trigger.uasset" 120
"../../../Engine/Content/EditorResources/LightIcons/S_LightError.uasset" 121
"../../../Engine/Content/EditorResources/SequenceRecorder/Countdown.uasset" 122
"../../../Engine/Content/EditorResources/SequenceRecorder/RecordingIndicator.uasset" 123
"../../../Engine/Content/EditorSounds/Notifications/CompileFailed.uasset" 124
"../../../Engine/Content/EditorSounds/Notifications/CompileFailed_Cue.uasset" 125
"../../../Engine/Content/EditorSounds/Notifications/CompileSuccess.uasset" 126
"../../../Engine/Content/EditorSounds/Notifications/CompileStart_Cue.uasset" 127
"../../../Engine/Content/EditorSounds/Notifications/CompileSuccess_Cue.uasset" 128
"../../../Engine/Content/EngineDamageTypes/DmgTypeBP_Environmental.uasset" 129
"../../../Engine/Content/EngineDebugMaterials/HeatmapGradient.uasset" 130
"../../../Engine/Content/EngineDebugMaterials/BoneWeightMaterial.uasset" 131
"../../../Engine/Content/EngineDebugMaterials/ClothMaterial.uasset" 132
"../../../Engine/Content/EngineDebugMaterials/DebugMeshMaterial.uasset" 133
"../../../Engine/Content/EngineDebugMaterials/GeomMaterial.uasset" 134
"../../../Engine/Content/EngineFonts/Faces/RobotoBold.uasset" 135
"../../../Engine/Content/EngineFonts/Faces/RobotoBoldItalic.uasset" 136
"../../../Engine/Content/EngineFonts/Faces/RobotoItalic.uasset" 137
"../../../Engine/Content/EngineFonts/Faces/RobotoLight.uasset" 138
"../../../Engine/Content/EngineFonts/Faces/RobotoRegular.uasset" 139
"../../../Engine/Content/EngineFonts/Roboto.uasset" 140
"../../../Engine/Content/EngineFonts/Faces/RobotoTiny.uasset" 141
"../../../Engine/Content/EngineFonts/RobotoTiny.uasset" 142
"../../../Engine/Content/EngineMaterials/DefaultBloomKernel.uasset" 143
"../../../Engine/Content/EngineMaterials/DefaultBokeh.uasset" 144
"../../../Engine/Content/EngineMaterials/DefaultDiffuse.uasset" 145
"../../../Engine/Content/EngineMaterials/DefaultDeferredDecalMaterial.uasset" 146
"../../../Engine/Content/EngineMaterials/DefaultLightFunctionMaterial.uasset" 147
"../../../Engine/Content/EngineMaterials/DefaultPhysicalMaterial.uasset" 148
"../../../Engine/Content/Functions/Engine_MaterialFunctions02/Utility/BreakOutFloat2Components.uasset" 149
"../../../Engine/Content/EngineMaterials/DefaultPostProcessMaterial.uasset" 150
"../../../Engine/Content/EngineFonts/RobotoDistanceField.uasset" 151
"../../../Engine/Content/EngineMaterials/DefaultTextMaterialOpaque.uasset" 152
"../../../Engine/Content/EngineMaterials/DefaultWhiteGrid.uasset" 153
"../../../Engine/Content/EngineMaterials/EditorBrushMaterial.uasset" 154
"../../../Engine/Content/EngineMaterials/Good64x64TilingNoiseHighFreq.uasset" 155
"../../../Engine/Content/EngineMaterials/MiniFont.uasset" 156
"../../../Engine/Content/EngineMaterials/InvalidLightmapSettings.uasset" 157
"../../../Engine/Content/EngineMaterials/M_InvalidLightmapSettings.uasset" 158
"../../../Engine/Content/EngineMaterials/PhAT_JointLimitMaterial.uasset" 159
"../../../Engine/Content/EngineMaterials/PreintegratedSkinBRDF.uasset" 160
"../../../Engine/Content/EngineMaterials/RemoveSurfaceMaterial.uasset" 161
"../../../Engine/Content/EngineMaterials/WeightMapPlaceholderTexture.uasset" 162
"../../../Engine/Content/EngineResources/WhiteSquareTexture.uasset" 163
"../../../Engine/Content/EngineMaterials/Widget3DPassThrough.uasset" 164
"../../../Engine/Content/EngineMaterials/Widget3DPassThrough_Masked.uasset" 165
"../../../Engine/Content/EngineMaterials/Widget3DPassThrough_Opaque.uasset" 166
"../../../Engine/Content/EngineMaterials/Widget3DPassThrough_Masked_OneSided.uasset" 167
"../../../Engine/Content/EngineMaterials/Widget3DPassThrough_Opaque_OneSided.uasset" 168
"../../../Engine/Content/EngineMaterials/Widget3DPassThrough_Translucent.uasset" 169
"../../../Engine/Content/EngineMaterials/Widget3DPassThrough_Translucent_OneSided.uasset" 170
"../../../Engine/Content/EngineMeshes/Cube.uasset" 171
"../../../Engine/Content/EngineMeshes/Cylinder.uasset" 172
"../../../Engine/Content/EngineMeshes/Sphere.uasset" 173
"../../../Engine/Content/EngineResources/Black.uasset" 174
"../../../Engine/Content/EngineResources/DefaultTexture.uasset" 175
"../../../Engine/Content/EngineResources/DefaultTextureCube.uasset" 176
"../../../Engine/Content/EngineResources/GradientTexture0.uasset" 177
"../../../Engine/Content/EngineSounds/Master.uasset" 178
"../../../Engine/Content/Functions/Engine_MaterialFunctions01/Shading/ConvertFromDiffSpec.uasset" 179
"../../../Engine/Content/Functions/Engine_MaterialFunctions01/Shading/PowerToRoughness.uasset" 180
"../../../Engine/Content/Maps/Templates/Thumbnails/Default.uasset" 181
"../../../Engine/Content/Maps/Templates/Thumbnails/VR-Basic.uasset" 182
"../../../Engine/Content/MobileResources/T_MobileControls_texture.uasset" 183
"../../../Engine/Content/MobileResources/T_MobileMenu2.uasset" 184
"../../../Engine/Content/MobileResources/HUD/AnalogHat.uasset" 185
"../../../Engine/Content/MobileResources/HUD/VirtualJoystick_Background.uasset" 186
"../../../Engine/Content/MobileResources/HUD/VirtualJoystick_Thumb.uasset" 187
"../../../Engine/Content/MobileResources/HUD/DefaultVirtualJoysticks.uasset" 188
"../../../Engine/Content/MobileResources/HUD/LeftVirtualJoystickOnly.uasset" 189
"../../../Engine/Content/MobileResources/HUD/MobileHUDButton1_off.uasset" 190
"../../../Engine/Content/MobileResources/HUD/MobileHUDButton1_on.uasset" 191
"../../../Engine/Content/MobileResources/HUD/MobileHUDButton2_off.uasset" 192
"../../../Engine/Content/MobileResources/HUD/MobileHUDButton2_on.uasset" 193
"../../../Engine/Content/MobileResources/HUD/MobileHUDButton3.uasset" 194
"../../../Engine/Content/MobileResources/HUD/MobileHUDButtonFire.uasset" 195
"../../../Engine/Content/MobileResources/HUD/MobileHUDDirectionPad.uasset" 196
"../../../Engine/Content/MobileResources/HUD/MobileHUDDirectionPad2.uasset" 197
"../../../Engine/Content/MobileResources/HUD/MobileHUDDirectionPad3.uasset" 198
"../../../Engine/Content/MobileResources/HUD/MobileHUDDirectionStick.uasset" 199
"../../../Engine/Content/MobileResources/HUD/T_Castle_ThumbstickInner.uasset" 200
"../../../Engine/Content/MobileResources/HUD/T_Castle_ThumbstickOutter.uasset" 201
"../../../Engine/Content/Tutorial/ContentIntroCurve.uasset" 202
"../../../Engine/Content/Tutorial/Basics/TutorialAssets/icon_tab_Levels_40x.uasset" 203
"../../../Engine/Content/Tutorial/BlueprintTutorials/TutorialAssets/BlueprintInterface_64x.uasset" 204
"../../../Engine/Content/Tutorial/BlueprintTutorials/TutorialAssets/BlueprintMacroLibrary_64x.uasset" 205
"../../../Engine/Content/Tutorial/BlueprintTutorials/TutorialAssets/Blueprint_64x.uasset" 206
"../../../Engine/Content/Tutorial/BlueprintTutorials/TutorialAssets/Tutorial_BP_Interface.uasset" 207
"../../../Engine/Content/Tutorial/Foliage/TutorialAssets/Foliage.uasset" 208
"../../../Engine/Content/Tutorial/Landscape/TutorialAssets/Landscape.uasset" 209
"../../../Engine/Content/Tutorial/Paper2D/TutorialAssets/Paper2DFlipbook_TutorialIcon.uasset" 210
"../../../Engine/Content/Tutorial/Paper2D/TutorialAssets/Paper2DSprite_TutorialIcon.uasset" 211
"../../../Engine/Content/Tutorial/SubEditors/TutorialAssets/icon_Editor_Preferences_General_40x.uasset" 212
"../../../Engine/Content/Tutorial/SubEditors/TutorialAssets/icon_ShowSkeletalMeshes_40x.uasset" 213
"../../../Engine/Content/Tutorial/SubEditors/TutorialAssets/TutorialMaterial.uasset" 214
"../../../Engine/Content/Tutorial/SubEditors/TutorialAssets/T_SmokeSubUV_8X8.uasset" 215
"../../../Engine/Content/Tutorial/SubEditors/TutorialAssets/T_soft_smoke.uasset" 216
"../../../Engine/Content/Tutorial/SubEditors/TutorialAssets/M_smoke_subUV_blackbody.uasset" 217
"../../../Engine/Content/Tutorial/SubEditors/TutorialAssets/TutorialParticleSystem.uasset" 218
"../../../Engine/Content/EditorMeshes/EditorCube.uasset" 219
"../../../Engine/Content/Tutorial/SubEditors/TutorialAssets/Tutorial_DM.uasset" 220
"../../../Engine/Content/VREditor/Devices/Generic/GenericHMDMaterial.uasset" 221
"../../../Engine/Content/VREditor/Devices/Generic/GenericHMD.uasset" 222
"../../../Engine/Content/VREditor/FloatingText/LineMaterial.uasset" 223
"../../../Engine/Content/VREditor/FloatingText/JointSphere.uasset" 224
"../../../Engine/Content/VREditor/FloatingText/LineSegmentCylinder.uasset" 225
"../../../Engine/Content/VREditor/Fonts/VRText_RobotoLarge.uasset" 226
"../../../Engine/Content/VREditor/Fonts/VRTextMaterial.uasset" 227
"../../../Engine/Content/VREditor/Fonts/TranslucentVRTextMaterial.uasset" 228
"../../../Engine/Content/VREditor/LaserPointer/VR_LaserPower_01.uasset" 229
"../../../Engine/Content/VREditor/TransformGizmo/TransformGizmoMaterial.uasset" 230
"../../../Engine/Content/VREditor/LaserPointer/HoverMaterial.uasset" 231
"../../../Engine/Content/VREditor/TransformGizmo/TranslucentTransformGizmoMaterial.uasset" 232
"../../../Engine/Content/VREditor/LaserPointer/TranslucentHoverMaterial.uasset" 233
"../../../Engine/Content/VREditor/LaserPointer/HoverMesh.uasset" 234
"../../../Engine/Content/VREditor/LaserPointer/LaserPointerMaterial.uasset" 235
"../../../Engine/Content/VREditor/LaserPointer/LaserPointerMaterialInst.uasset" 236
"../../../Engine/Content/VREditor/LaserPointer/TranslucentLaserPointerMaterialInst.uasset" 237
"../../../Engine/Content/VREditor/LaserPointer/LaserPointerMesh.uasset" 238
"../../../Engine/Content/VREditor/LaserPointer/LaserPointerMesh_End.uasset" 239
"../../../Engine/Content/VREditor/LaserPointer/LaserPointerMesh_Start.uasset" 240
"../../../Engine/Content/Functions/Engine_MaterialFunctions02/Utility/BreakOutFloat3Components.uasset" 241
"../../../Engine/Content/Functions/Engine_MaterialFunctions02/Math/Transform3x3Matrix.uasset" 242
"../../../Engine/Content/Functions/Engine_MaterialFunctions02/SplitComponents.uasset" 243
"../../../Engine/Content/Functions/Engine_MaterialFunctions02/Utility/MakeFloat3.uasset" 244
"../../../Engine/Content/VREditor/SnapGrid/SnapGridMaterial.uasset" 245
"../../../Engine/Content/VREditor/SnapGrid/SnapGridPlaneMesh.uasset" 246
"../../../Engine/Content/VREditor/Sounds/VR_teleport_Cue.uasset" 247
"../../../Engine/Content/VREditor/Sounds/UI/Click_on_Button_Cue.uasset" 248
"../../../Engine/Content/VREditor/Sounds/UI/Dockable_Window_Close.uasset" 249
"../../../Engine/Content/VREditor/Sounds/UI/Dockable_Window_Drop.uasset" 250
"../../../Engine/Content/VREditor/Sounds/UI/Dockable_Window_Open.uasset" 251
"../../../Engine/Content/VREditor/Sounds/UI/Dockable_Window_Pick_Up.uasset" 252
"../../../Engine/Content/VREditor/Sounds/UI/Drop_Item_From_ContentBrowser.uasset" 253
"../../../Engine/Content/VREditor/Sounds/UI/Floating_UI_Open-001.uasset" 254
"../../../Engine/Content/VREditor/Sounds/UI/Gizmo_Handle_Clicked.uasset" 255
"../../../Engine/Content/VREditor/Sounds/UI/Object_PickUp.uasset" 256
"../../../Engine/Content/VREditor/Sounds/UI/Object_Snaps_To_Another_Actor.uasset" 257
"../../../Engine/Content/VREditor/Sounds/UI/Object_Snaps_To_Grid.uasset" 258
"../../../Engine/Content/VREditor/Sounds/UI/Radial_Menu_FadeOut.uasset" 259
"../../../Engine/Content/VREditor/Sounds/UI/Scaling_Down.uasset" 260
"../../../Engine/Content/VREditor/Sounds/UI/Scaling_Up.uasset" 261
"../../../Engine/Content/VREditor/Sounds/UI/Selection_Changes.uasset" 262
"../../../Engine/Content/VREditor/Sounds/UI/Teleport_Mode_Entered.uasset" 263
"../../../Engine/Content/VREditor/Teleport/TeleportDirectionMaterial.uasset" 264
"../../../Engine/Content/VREditor/Teleport/TeleportDirectionMaterial_Inst.uasset" 265
"../../../Engine/Content/VREditor/Teleport/TeleportDirectionMesh.uasset" 266
"../../../Engine/Content/VREditor/TransformGizmo/BoundingBoxCorner.uasset" 267
"../../../Engine/Content/VREditor/TransformGizmo/BoundingBoxEdge.uasset" 268
"../../../Engine/Content/VREditor/TransformGizmo/PlaneTranslationHandle.uasset" 269
"../../../Engine/Content/VREditor/TransformGizmo/RotationHandle.uasset" 270
"../../../Engine/Content/VREditor/TransformGizmo/RotationHandleFull.uasset" 271
"../../../Engine/Content/VREditor/TransformGizmo/RotationHandleIndicator.uasset" 272
"../../../Engine/Content/VREditor/TransformGizmo/RotationHandleQuarter.uasset" 273
"../../../Engine/Content/VREditor/TransformGizmo/Main.uasset" 274
"../../../Engine/Content/VREditor/TransformGizmo/Xray.uasset" 275
"../../../Engine/Content/VREditor/TransformGizmo/SM_Dialog_Close.uasset" 276
"../../../Engine/Content/VREditor/TransformGizmo/SM_Dialog_Move.uasset" 277
"../../../Engine/Content/VREditor/TransformGizmo/SM_Sequencer_Key.uasset" 278
"../../../Engine/Content/VREditor/TransformGizmo/StartRotationHandleIndicator.uasset" 279
"../../../Engine/Content/VREditor/TransformGizmo/TransformGizmoMaterial_Inst.uasset" 280
"../../../Engine/Content/VREditor/TransformGizmo/TranslateArrowHandle.uasset" 281
"../../../Engine/Content/VREditor/TransformGizmo/TranslationHandle.uasset" 282
"../../../Engine/Content/VREditor/TransformGizmo/TranslucentTransformGizmoMaterial_Inst.uasset" 283
"../../../Engine/Content/VREditor/TransformGizmo/UniformScaleHandle.uasset" 284
"../../../Engine/Content/VREditor/UI/KeyDiskMaterial.uasset" 285
"../../../Engine/Content/VREditor/UI/DiscMaterial.uasset" 286
"../../../Engine/Content/VREditor/UI/SM_Radial_Disk.uasset" 287
"../../../Engine/Content/Functions/Engine_MaterialFunctions01/Gradient/RadialGradient.uasset" 288
"../../../Engine/Content/VREditor/WorldMovementGrid/SimpleGrid.uasset" 289
"../../../Engine/Content/VREditor/WorldMovementGrid/GridMaterial.uasset" 290
"../../../Engine/Content/Functions/Engine_MaterialFunctions01/Density/ExponentialDensity.uasset" 291
"../../../Engine/Content/VREditor/WorldMovementGrid/GridPostProcess.uasset" 292
"../../../Engine/Content/EditorLandscapeResources/FlattenHeightMat.uasset" 293
"../../../Engine/Content/VREditor/WorldMovementGrid/PlaneMesh.uasset" 294
"../../../Engine/Plugins/2D/Paper2D/Content/DummySprite.uasset" 295
"../../../Engine/Plugins/2D/Paper2D/Content/DefaultPaperTerrainMaterial.uasset" 296
"../../../Engine/Plugins/2D/Paper2D/Content/MaskedUnlitSpriteMaterial.uasset" 297
"../../../Engine/Plugins/2D/Paper2D/Content/OpaqueUnlitSpriteMaterial.uasset" 298
"../../../Engine/Plugins/2D/Paper2D/Content/PlaceholderTextures/DummySpriteTexture.uasset" 299
"../../../Engine/Plugins/Runtime/GearVR/Content/Textures/GearVRController_AO.uasset" 300
"../../../Engine/Plugins/Runtime/GearVR/Content/Textures/GearVRController_Color.uasset" 301
"../../../Engine/Plugins/Runtime/GearVR/Content/Textures/GearVRController_Normal.uasset" 302
"../../../Engine/Plugins/Runtime/GearVR/Content/Materials/GearVRControllerMaterial.uasset" 303
"../../../Engine/Plugins/Runtime/GearVR/Content/Meshes/GearVrController.uasset" 304
"../../../Kewar/Content/Art/Place_Holders/ToyCar.uasset" 305
"../../../Kewar/Content/Art/Place_Holders/ToyCar_Sprite.uasset" 306
"../../../Kewar/Content/Art/Player/FB_ToyCar.uasset" 307
"../../../Kewar/Content/BPs/Characters/enemy/Grunts/BP_ToyCarEnemy.uasset" 308
"../../../Kewar/Content/Art/Place_Holders/WASD.uasset" 309
"../../../Kewar/Content/Art/Place_Holders/D_Spirte.uasset" 310
"../../../Kewar/Content/Art/Place_Holders/Flipsbookplaceholder/DKey.uasset" 311
"../../../Kewar/Content/BPs/Characters/enemy/Bosses/W/BP_RunAway.uasset" 312
"../../../Kewar/Content/Art/Place_Holders/WASD_Sprite.uasset" 313
"../../../Kewar/Content/BPs/Characters/enemy/Bosses/W/BP_WBossCar.uasset" 314
"../../../Kewar/Content/BPs/Level_1/BP_Fan.uasset" 315
"../../../Kewar/Content/BPs/Environment/BP_EnvironmentMaster.uasset" 316
"../../../Kewar/Content/Art/Place_Holders/BouncePad.uasset" 317
"../../../Kewar/Content/Art/Place_Holders/BouncePad_Sprite.uasset" 318
"../../../Kewar/Content/BPs/Environment/Bp_JumpPad.uasset" 319
"../../../Kewar/Content/BPs/Environment/BP_Enviroment.uasset" 320
"../../../Kewar/Content/BPs/Characters/enemy/BP_DownArrow.uasset" 321
"../../../Kewar/Content/BPs/Environment/BP_MovingEnviroment.uasset" 322
"../../../Kewar/Content/BPs/Environment/BP_InteractableEnvironment.uasset" 323
"../../../Kewar/Content/BPs/Environment/BP_MovingLightBulb.uasset" 324
"../../../Engine/Content/BasicShapes/Cube.uasset" 325
"../../../Kewar/Content/Art/Place_Holders/167708-bookshelf-pixel-art.uasset" 326
"../../../Kewar/Content/Art/Place_Holders/167708-bookshelf-pixel-art_Sprite.uasset" 327
"../../../Kewar/Content/Art/Place_Holders/167756-books-pixel-art.uasset" 328
"../../../Kewar/Content/Art/Place_Holders/167756-books-pixel-art_Sprite.uasset" 329
"../../../Kewar/Content/Art/Place_Holders/ball.uasset" 330
"../../../Kewar/Content/Art/Place_Holders/ball_Sprite.uasset" 331
"../../../Kewar/Content/Art/Place_Holders/Bulb.uasset" 332
"../../../Kewar/Content/Art/Place_Holders/Bulb_Sprite.uasset" 333
"../../../Kewar/Content/Art/Place_Holders/electric-fan-vector-clipart.uasset" 334
"../../../Kewar/Content/Art/Place_Holders/electric-fan-vector-clipart_Sprite.uasset" 335
"../../../Kewar/Content/Art/Place_Holders/fbab954e1ef6547.uasset" 336
"../../../Kewar/Content/Art/Place_Holders/fbab954e1ef6547_Sprite.uasset" 337
"../../../Kewar/Content/Art/Place_Holders/floor.uasset" 338
"../../../Kewar/Content/Art/Place_Holders/floor_Sprite.uasset" 339
"../../../Kewar/Content/Art/Place_Holders/PC.uasset" 340
"../../../Kewar/Content/Art/Place_Holders/PC_Sprite_0.uasset" 341
"../../../Kewar/Content/Art/Place_Holders/Radio.uasset" 342
"../../../Kewar/Content/Art/Place_Holders/Radio_Sprite.uasset" 343
"../../../Kewar/Content/Art/Place_Holders/unnamed.uasset" 344
"../../../Kewar/Content/Art/Place_Holders/Speaker.uasset" 345
"../../../Kewar/Content/Art/zebraDesk_Sprite.uasset" 346
"../../../Kewar/Content/Levels/Level1_WB.umap" 347
"../../../Kewar/Content/Art/zebratable.uasset" 348
"../../../Kewar/Content/Art/zebratable_Sprite.uasset" 349
"../../../Kewar/Content/Levels/ObjectScaleTest.umap" 350
"../../../Kewar/Content/Art/BackgroundDiamond.uasset" 351
"../../../Kewar/Content/Art/Background.uasset" 352
"../../../Kewar/Content/Art/BackgroundPlane.uasset" 353
"../../../Kewar/Content/BPs/BackgroundActor.uasset" 354
"../../../Kewar/Content/BPs/GameMode/BP_KerboGM.uasset" 355
"../../../Kewar/Content/Art/Player/eyes_4.uasset" 356
"../../../Kewar/Content/BPs/SpinnyMajig.uasset" 357
"../../../Kewar/Content/Art/KerbordieTiles.uasset" 358
"../../../Kewar/Content/Art/KerbordieTiles_TileSet.uasset" 359
"../../../Kewar/Content/Art/KerbordieTiles_TileMap.uasset" 360
"../../../Kewar/Content/Art/Player/KeyS.uasset" 361
"../../../Kewar/Content/BPs/Characters/Mountains.uasset" 362
"../../../Kewar/Content/Levels/tesete.umap" 363
"../../../Engine/Content/Maps/Entry.umap" 364
